0 info it worked if it ends with ok
1 verbose cli [ '/usr/local/Cellar/node/5.10.0/bin/node',
1 verbose cli   '/Users/batnu/.npm-packages/bin/npm',
1 verbose cli   'run',
1 verbose cli   'server' ]
2 info using npm@3.8.5
3 info using node@v5.10.0
4 verbose run-script [ 'preserver', 'server', 'postserver' ]
5 info lifecycle footsteps-server@1.0.0~preserver: footsteps-server@1.0.0
6 silly lifecycle footsteps-server@1.0.0~preserver: no script for preserver, continuing
7 info lifecycle footsteps-server@1.0.0~server: footsteps-server@1.0.0
8 verbose lifecycle footsteps-server@1.0.0~server: unsafe-perm in lifecycle true
9 verbose lifecycle footsteps-server@1.0.0~server: PATH: /Users/batnu/.npm-packages/lib/node_modules/npm/bin/node-gyp-bin:/Users/batnu/Documents/Personal Projects/Footsteps/footsteps-server/node_modules/.bin:/usr/local/Cellar/node/5.10.0/bin:/Users/batnu/.rbenv/shims:/Users/batnu/.rbenv/shims:/Users/batnu/.npm-packages/bin:/Users/batnu/go/bin:/usr/local/bin:/usr/bin:/bin:/usr/sbin:/sbin:/usr/local/go/bin
10 verbose lifecycle footsteps-server@1.0.0~server: CWD: /Users/batnu/Documents/Personal Projects/Footsteps/footsteps-server
11 silly lifecycle footsteps-server@1.0.0~server: Args: [ '-c', 'node server.js' ]
12 silly lifecycle footsteps-server@1.0.0~server: Returned: code: 1  signal: null
13 info lifecycle footsteps-server@1.0.0~server: Failed to exec server script
14 verbose stack Error: footsteps-server@1.0.0 server: `node server.js`
14 verbose stack Exit status 1
14 verbose stack     at EventEmitter.<anonymous> (/Users/batnu/.npm-packages/lib/node_modules/npm/lib/utils/lifecycle.js:239:16)
14 verbose stack     at emitTwo (events.js:100:13)
14 verbose stack     at EventEmitter.emit (events.js:185:7)
14 verbose stack     at ChildProcess.<anonymous> (/Users/batnu/.npm-packages/lib/node_modules/npm/lib/utils/spawn.js:24:14)
14 verbose stack     at emitTwo (events.js:100:13)
14 verbose stack     at ChildProcess.emit (events.js:185:7)
14 verbose stack     at maybeClose (internal/child_process.js:850:16)
14 verbose stack     at Process.ChildProcess._handle.onexit (internal/child_process.js:215:5)
15 verbose pkgid footsteps-server@1.0.0
16 verbose cwd /Users/batnu/Documents/Personal Projects/Footsteps/footsteps-server
17 error Darwin 15.5.0
18 error argv "/usr/local/Cellar/node/5.10.0/bin/node" "/Users/batnu/.npm-packages/bin/npm" "run" "server"
19 error node v5.10.0
20 error npm  v3.8.5
21 error code ELIFECYCLE
22 error footsteps-server@1.0.0 server: `node server.js`
22 error Exit status 1
23 error Failed at the footsteps-server@1.0.0 server script 'node server.js'.
23 error Make sure you have the latest version of node.js and npm installed.
23 error If you do, this is most likely a problem with the footsteps-server package,
23 error not with npm itself.
23 error Tell the author that this fails on your system:
23 error     node server.js
23 error You can get information on how to open an issue for this project with:
23 error     npm bugs footsteps-server
23 error Or if that isn't available, you can get their info via:
23 error     npm owner ls footsteps-server
23 error There is likely additional logging output above.
24 verbose exit [ 1, true ]
